 ++ Running A502, F.T. Johnson, M.A. Epton et al
 PDAS version j01, 08 Dec 2020                
  real length, integer length, ratio:    8   4   2
 initialz   cpu time:     0.031
 input      cpu time:     0.078
 init       cpu time:     0.078
 ixtrns called with lth.le.0, irec:    63     0
 ixtrns called with lth.le.0, irec:    64     0
 geometry   cpu time:     0.219
 singular   cpu time:     0.453
 cntrl pt   cpu time:     0.469
 bndy cnd   cpu time:     0.516
 ffgen      cpu time:     0.609
 TIMING SUMMARY: vin,krn,phi,vel,vsp,near-    1.984375    2.421875    7.140625    0.000000    0.000000    2.296875
 TIMING SUMMARY: setup,pic-s,block,assy-    0.250000   15.875000    0.937500    1.109375
 closms on unit 68   header record:   24001      95       1      94
 closms on unit  4   header record:   24002  101043  100949      94
  ft04 (pic file) done.  index lth-24001  cp count- 3812  nwv recd- 3813 
 pic cost   cpu time:    18.844
 closms on unit 20   header record:     107    3604    3603       1
 closms on unit 19   header record:     227   53291   53290       1
 closms on unit  4   header record:   24002  101043  100949      94
 aic cost   cpu time:    20.031
 closms on unit 19   header record:     227   53292   53290       1
  ft19 (l*u) done.  nhdat:      0 250000   3687      2    249     40     
 1-st factor done
 closms on unit 19   header record:     227   53292   53290       1
 closms on unit 28   header record:      16      32      31       1
 1-st solve done
  direct solution, no iteration performed                                
  ft09 (singularity file) complete                                       
 mtrxsoln   cpu time:    68.344
 pppdq      cpu time:    68.516
 closms on unit 49   header record:     751     595     592       3
 closms on unit  4   header record:   24002  101043  100949      94
 output     cpu time:    70.172
 closms on unit 24   header record:     202     413     412       1
 closms on unit 26   header record:     302      75      73       2
 closms on unit  2   header record:   18001    6872    6801      71
